Using pre-set license
Built from '2020.3/staging' branch; Version is '2020.3.4f1 (0abb6314276a) revision 703331'; Using compiler version '192528614'; Build Type 'Release'
OS: 'Windows 8.1  (6.3.0) 64bit' Language: 'en' Physical Memory: 1956 MB
BatchMode: 1, IsHumanControllingUs: 0, StartBugReporterOnCrash: 0, Is64bit: 1, IsPro: 0

 COMMAND LINE ARGUMENTS:
H:\Unity2020.3\Editor\Unity.exe
-adb2
-batchMode
-noUpm
-name
AssetImportWorker0
-projectPath
H:/Projects/UnitedGameDevelopersGame
-logFile
Logs/AssetImportWorker0.log
-srvPort
49196
Successfully changed project path to: H:/Projects/UnitedGameDevelopersGame
H:/Projects/UnitedGameDevelopersGame
Using Asset Import Pipeline V2.
