Using pre-set license
Built from '2020.3/staging' branch; Version is '2020.3.4f1 (0abb6314276a) revision 703331'; Using compiler version '192528614'; Build Type 'Release'
OS: 'Windows 8.1  (6.3.0) 64bit' Language: 'en' Physical Memory: 1956 MB
BatchMode: 1, IsHumanControllingUs: 0, StartBugReporterOnCrash: 0, Is64bit: 1, IsPro: 0

 COMMAND LINE ARGUMENTS:
H:\Unity2020.3\Editor\Unity.exe
-adb2
-batchMode
-noUpm
-name
AssetImportWorker1
-projectPath
H:/Projects/UnitedGameDevelopersGame
-logFile
Logs/AssetImportWorker1.log
-srvPort
49183
Successfully changed project path to: H:/Projects/UnitedGameDevelopersGame
H:/Projects/UnitedGameDevelopersGame
Using Asset Import Pipeline V2.
Refreshing native plugins compatible for Editor in 53.23 ms, found 1 plugins.
Preloading 0 native plugins for Editor in 0.00 ms.
Initialize engine version: 2020.3.4f1 (0abb6314276a)
[Subsystems] Discovering subsystems at path H:/Unity2020.3/Editor/Data/Resources/UnitySubsystems
[Subsystems] Discovering subsystems at path H:/Projects/UnitedGameDevelopersGame/Assets
GfxDevice: creating device client; threaded=0
d3d11: QueryInterface(IDXGIFactory5) failed (80004002).
Direct3D:
    Version:  Direct3D 11.0 [level 10.1]
    Renderer: Intel(R) HD Graphics (ID=0x102)
    Vendor:   
    VRAM:     978 MB
    Driver:   9.17.10.4229
Initialize mono
Mono path[0] = 'H:/Unity2020.3/Editor/Data/Managed'
Mono path[1] = 'H:/Unity2020.3/Editor/Data/MonoBleedingEdge/lib/mono/unityjit'
Mono config path = 'H:/Unity2020.3/Editor/Data/MonoBleedingEdge/etc'
Using monoOptions --debugger-agent=transport=dt_socket,embedding=1,server=y,suspend=n,address=127.0.0.1:56592
Begin MonoManager ReloadAssembly
Registering precompiled unity dll's ...
Register platform support module: H:/Unity2020.3/Editor/Data/PlaybackEngines/WindowsStandaloneSupport/UnityEditor.WindowsStandalone.Extensions.dll
Registered in 0.001507 seconds.
Native extension for WindowsStandalone target not found
Refreshing native plugins compatible for Editor in 55.12 ms, found 1 plugins.
Preloading 0 native plugins for Editor in 0.00 ms.
Mono: successfully reloaded assembly
- Completed reload, in  1.826 seconds
Platform modules already initialized, skipping
Registering precompiled user dll's ...
Registered in 0.000722 seconds.
Begin MonoManager ReloadAssembly
Native extension for WindowsStandalone target not found
Refreshing native plugins compatible for Editor in 49.23 ms, found 1 plugins.
Preloading 0 native plugins for Editor in 0.00 ms.
Mono: successfully reloaded assembly
- Completed reload, in  3.439 seconds
Platform modules already initialized, skipping
 
Worker process is ready to serve import requests
Launched and connected shader compiler UnityShaderCompiler.exe after 0.52 seconds
Refreshing native plugins compatible for Editor in 0.67 ms, found 1 plugins.
Preloading 0 native plugins for Editor in 0.00 ms.
Unloading 1195 Unused Serialized files (Serialized files now loaded: 0)
System memory in use before: 72.3 MB.
System memory in use after: 72.2 MB.

Unloading 18 unused Assets to reduce memory usage. Loaded Objects now: 1637.
Total: 4.034602 ms (FindLiveObjects: 0.279389 ms CreateObjectMapping: 0.098451 ms MarkObjects: 3.397139 ms  DeleteObjects: 0.256582 ms)

 
Received Import Request.
  path: Assets/Assets/BG
  artifactKey: Guid(5bda5f13476308f42806164d50e99adc) Importer(815301076,1909f56bfc062723c751e8b465ee728b)
Start importing Assets/Assets/BG using Guid(5bda5f13476308f42806164d50e99adc) Importer(815301076,1909f56bfc062723c751e8b465ee728b)  -> (artifact id: '7c4a8290ef54233fa9d616fcb5c65703') in 0.073497 seconds
  Import took 0.077034 seconds .

 
Received Import Request.
  Time since last request: 18.665431 seconds.
  path: Assets/Assets/BG/1 - Foreground_scenery.png
  artifactKey: Guid(85c32f32fdbe7d84b8cfc840836eb1ca) Importer(815301076,1909f56bfc062723c751e8b465ee728b)
Start importing Assets/Assets/BG/1 - Foreground_scenery.png using Guid(85c32f32fdbe7d84b8cfc840836eb1ca) Importer(815301076,1909f56bfc062723c751e8b465ee728b)  -> (artifact id: '61f14033ea2abff91f2f4548c9f417da') in 0.710777 seconds
  Import took 0.753591 seconds .

 
Received Import Request.
  Time since last request: 0.000064 seconds.
  path: Assets/Assets/BG/5 - Sky_color.png
  artifactKey: Guid(4668862b0a695674e8701cd5f75324fc) Importer(815301076,1909f56bfc062723c751e8b465ee728b)
Start importing Assets/Assets/BG/5 - Sky_color.png using Guid(4668862b0a695674e8701cd5f75324fc) Importer(815301076,1909f56bfc062723c751e8b465ee728b)  -> (artifact id: 'd5398edb6b7dcbb44e28526ca40bdf88') in 0.119238 seconds
  Import took 0.192830 seconds .

 
Received Import Request.
  Time since last request: 0.000293 seconds.
  path: Assets/Assets/BG/3 - Cloud_cover_1.png
  artifactKey: Guid(97f31ed07b1b10a44b5df3d128331623) Importer(815301076,1909f56bfc062723c751e8b465ee728b)
Start importing Assets/Assets/BG/3 - Cloud_cover_1.png using Guid(97f31ed07b1b10a44b5df3d128331623) Importer(815301076,1909f56bfc062723c751e8b465ee728b)  -> (artifact id: 'de3700f6aa35f624999cc72e6adf3250') in 0.026353 seconds
  Import took 0.096483 seconds .

 
Received Import Request.
  Time since last request: 0.000276 seconds.
  path: Assets/Assets/BG/_Complete_static_BG_(288 x 208).png
  artifactKey: Guid(947a60ea4d3c44c48a75439cb01b866d) Importer(815301076,1909f56bfc062723c751e8b465ee728b)
Start importing Assets/Assets/BG/_Complete_static_BG_(288 x 208).png using Guid(947a60ea4d3c44c48a75439cb01b866d) Importer(815301076,1909f56bfc062723c751e8b465ee728b)  -> (artifact id: '8b423b08166dc18255599c6694e5e437') in 0.076876 seconds
  Import took 0.132517 seconds .

 
Received Import Request.
  Time since last request: 0.000318 seconds.
  path: Assets/Assets/BG/2 - Hills.png
  artifactKey: Guid(2cf687861f5dad4459af96935b4585d8) Importer(815301076,1909f56bfc062723c751e8b465ee728b)
Start importing Assets/Assets/BG/2 - Hills.png using Guid(2cf687861f5dad4459af96935b4585d8) Importer(815301076,1909f56bfc062723c751e8b465ee728b)  -> (artifact id: '15794e55eee1cb9c7b928f29c6212f94') in 0.022268 seconds
  Import took 0.092543 seconds .

 
Received Import Request.
  Time since last request: 0.000987 seconds.
  path: Assets/Assets/BG/4 - Cloud_cover_2.png
  artifactKey: Guid(effbd417dfaab67409efc557db853761) Importer(815301076,1909f56bfc062723c751e8b465ee728b)
Start importing Assets/Assets/BG/4 - Cloud_cover_2.png using Guid(effbd417dfaab67409efc557db853761) Importer(815301076,1909f56bfc062723c751e8b465ee728b)  -> (artifact id: 'ccc56e6aadf518e6026c032914240767') in 0.043584 seconds
  Import took 0.088247 seconds .

 
Received Import Request.
  Time since last request: 12.164558 seconds.
  path: Assets/Assets/BG/1 - Foreground_scenery.png
  artifactKey: Guid(85c32f32fdbe7d84b8cfc840836eb1ca) Importer(815301076,1909f56bfc062723c751e8b465ee728b)
Start importing Assets/Assets/BG/1 - Foreground_scenery.png using Guid(85c32f32fdbe7d84b8cfc840836eb1ca) Importer(815301076,1909f56bfc062723c751e8b465ee728b)  -> (artifact id: '3856222f2c9aae9cf85f18f92c1952fd') in 0.071303 seconds
  Import took 0.086122 seconds .

 
Received Import Request.
  Time since last request: 0.000162 seconds.
  path: Assets/Assets/BG/5 - Sky_color.png
  artifactKey: Guid(4668862b0a695674e8701cd5f75324fc) Importer(815301076,1909f56bfc062723c751e8b465ee728b)
Start importing Assets/Assets/BG/5 - Sky_color.png using Guid(4668862b0a695674e8701cd5f75324fc) Importer(815301076,1909f56bfc062723c751e8b465ee728b)  -> (artifact id: '677087c4114c8d4bf676ed044de1335c') in 0.073940 seconds
  Import took 0.094116 seconds .

 
Received Import Request.
  Time since last request: 0.000317 seconds.
  path: Assets/Assets/BG/3 - Cloud_cover_1.png
  artifactKey: Guid(97f31ed07b1b10a44b5df3d128331623) Importer(815301076,1909f56bfc062723c751e8b465ee728b)
Start importing Assets/Assets/BG/3 - Cloud_cover_1.png using Guid(97f31ed07b1b10a44b5df3d128331623) Importer(815301076,1909f56bfc062723c751e8b465ee728b)  -> (artifact id: '4c83b9326c14013c4e15419861d56c8e') in 0.113645 seconds
  Import took 0.155586 seconds .

 
Received Import Request.
  Time since last request: 0.000300 seconds.
  path: Assets/Assets/BG/_Complete_static_BG_(288 x 208).png
  artifactKey: Guid(947a60ea4d3c44c48a75439cb01b866d) Importer(815301076,1909f56bfc062723c751e8b465ee728b)
Start importing Assets/Assets/BG/_Complete_static_BG_(288 x 208).png using Guid(947a60ea4d3c44c48a75439cb01b866d) Importer(815301076,1909f56bfc062723c751e8b465ee728b)  -> (artifact id: 'd3d9db842a353b9dc3a78d232787317a') in 0.083495 seconds
  Import took 0.108397 seconds .

 
Received Import Request.
  Time since last request: 0.000295 seconds.
  path: Assets/Assets/BG/2 - Hills.png
  artifactKey: Guid(2cf687861f5dad4459af96935b4585d8) Importer(815301076,1909f56bfc062723c751e8b465ee728b)
Start importing Assets/Assets/BG/2 - Hills.png using Guid(2cf687861f5dad4459af96935b4585d8) Importer(815301076,1909f56bfc062723c751e8b465ee728b)  -> (artifact id: 'ec2da6998a6c5b0cb6459740b2c3f039') in 0.054197 seconds
  Import took 0.098332 seconds .

 
Received Import Request.
  Time since last request: 0.000779 seconds.
  path: Assets/Assets/BG/4 - Cloud_cover_2.png
  artifactKey: Guid(effbd417dfaab67409efc557db853761) Importer(815301076,1909f56bfc062723c751e8b465ee728b)
Start importing Assets/Assets/BG/4 - Cloud_cover_2.png using Guid(effbd417dfaab67409efc557db853761) Importer(815301076,1909f56bfc062723c751e8b465ee728b)  -> (artifact id: '9c6b953b25286d5d28c33bdf9174e0e5') in 0.077738 seconds
  Import took 0.081369 seconds .

 
Received Import Request.
  Time since last request: 62.689565 seconds.
  path: ProjectSettings/TagManager.asset
  artifactKey: Guid(00000000000000003000000000000000) Importer(815301076,1909f56bfc062723c751e8b465ee728b)
Start importing ProjectSettings/TagManager.asset using Guid(00000000000000003000000000000000) Importer(815301076,1909f56bfc062723c751e8b465ee728b)  -> (artifact id: '1db82130e9007254b88f3d812ab6c65e') in 0.076847 seconds
  Import took 0.081771 seconds .

 
Received Import Request.
  Time since last request: 4.139774 seconds.
  path: ProjectSettings/TagManager.asset
  artifactKey: Guid(00000000000000003000000000000000) Importer(815301076,1909f56bfc062723c751e8b465ee728b)
Start importing ProjectSettings/TagManager.asset using Guid(00000000000000003000000000000000) Importer(815301076,1909f56bfc062723c751e8b465ee728b)  -> (artifact id: '6367e9bec3b29fbdebb396842c290e1f') in 0.010312 seconds
  Import took 0.029253 seconds .

 
Received Import Request.
  Time since last request: 6.875961 seconds.
  path: ProjectSettings/TagManager.asset
  artifactKey: Guid(00000000000000003000000000000000) Importer(815301076,1909f56bfc062723c751e8b465ee728b)
Start importing ProjectSettings/TagManager.asset using Guid(00000000000000003000000000000000) Importer(815301076,1909f56bfc062723c751e8b465ee728b)  -> (artifact id: '11e3182581e96601f92c2bb782f64b97') in 0.023222 seconds
  Import took 0.035606 seconds .

 
Received Import Request.
  Time since last request: 238.686784 seconds.
  path: Assets/Assets/BG/4 - Cloud_cover_2.png
  artifactKey: Guid(effbd417dfaab67409efc557db853761) Importer(815301076,1909f56bfc062723c751e8b465ee728b)
Start importing Assets/Assets/BG/4 - Cloud_cover_2.png using Guid(effbd417dfaab67409efc557db853761) Importer(815301076,1909f56bfc062723c751e8b465ee728b)  -> (artifact id: 'a4be0bd6ada36dc4c026efc97a09a664') in 52.514718 seconds
  Import took 65.724032 seconds .

 
Received Import Request.
  Time since last request: 0.038486 seconds.
  path: Assets/Assets/BG/1 - Foreground_scenery.png
  artifactKey: Guid(85c32f32fdbe7d84b8cfc840836eb1ca) Importer(815301076,1909f56bfc062723c751e8b465ee728b)
Start importing Assets/Assets/BG/1 - Foreground_scenery.png using Guid(85c32f32fdbe7d84b8cfc840836eb1ca) Importer(815301076,1909f56bfc062723c751e8b465ee728b)  -> (artifact id: 'f9accb06feb6365a8e4784af5731af7a') in 1.809329 seconds
  Import took 2.108238 seconds .

 
Received Import Request.
  Time since last request: 0.000275 seconds.
  path: Assets/Assets/BG/1 - Foreground_scenery.png
  artifactKey: Guid(85c32f32fdbe7d84b8cfc840836eb1ca) Importer(815301076,1909f56bfc062723c751e8b465ee728b)
Start importing Assets/Assets/BG/1 - Foreground_scenery.png using Guid(85c32f32fdbe7d84b8cfc840836eb1ca) Importer(815301076,1909f56bfc062723c751e8b465ee728b)  -> (artifact id: 'f9accb06feb6365a8e4784af5731af7a') in 0.207313 seconds
  Import took 0.211580 seconds .

 
Received Import Request.
  Time since last request: 0.000297 seconds.
  path: Assets/Assets/BG/2 - Hills.png
  artifactKey: Guid(2cf687861f5dad4459af96935b4585d8) Importer(815301076,1909f56bfc062723c751e8b465ee728b)
Start importing Assets/Assets/BG/2 - Hills.png using Guid(2cf687861f5dad4459af96935b4585d8) Importer(815301076,1909f56bfc062723c751e8b465ee728b)  -> (artifact id: 'cdfa36b66dd245007ff58552ca9302b2') in 0.839494 seconds
  Import took 1.085228 seconds .

 
Received Import Request.
  Time since last request: 0.000316 seconds.
  path: Assets/Assets/BG/4 - Cloud_cover_2.png
  artifactKey: Guid(effbd417dfaab67409efc557db853761) Importer(815301076,1909f56bfc062723c751e8b465ee728b)
Start importing Assets/Assets/BG/4 - Cloud_cover_2.png using Guid(effbd417dfaab67409efc557db853761) Importer(815301076,1909f56bfc062723c751e8b465ee728b)  -> (artifact id: '8e4d9cf0ad87992164fb35b9f15f57eb') in 0.437409 seconds
  Import took 0.554595 seconds .

 
Received Import Request.
  Time since last request: 69.998701 seconds.
  path: Assets/Assets/BG/3 - Cloud_cover_1.png
  artifactKey: Guid(97f31ed07b1b10a44b5df3d128331623) Importer(815301076,1909f56bfc062723c751e8b465ee728b)
Start importing Assets/Assets/BG/3 - Cloud_cover_1.png using Guid(97f31ed07b1b10a44b5df3d128331623) Importer(815301076,1909f56bfc062723c751e8b465ee728b)  -> (artifact id: '9f3bd58bdc99aa82c0619f3b9d8b269c') in 22.079370 seconds
  Import took 36.385103 seconds .

 
Received Import Request.
  Time since last request: 50.270533 seconds.
  path: Assets/Assets/BG/3 - Cloud_cover_1.png
  artifactKey: Guid(97f31ed07b1b10a44b5df3d128331623) Importer(815301076,1909f56bfc062723c751e8b465ee728b)
Start importing Assets/Assets/BG/3 - Cloud_cover_1.png using Guid(97f31ed07b1b10a44b5df3d128331623) Importer(815301076,1909f56bfc062723c751e8b465ee728b)  -> (artifact id: '9f3bd58bdc99aa82c0619f3b9d8b269c') in 0.892834 seconds
  Import took 1.019005 seconds .

 
Received Import Request.
  Time since last request: 36.969569 seconds.
  path: Assets/Assets/BG/2 - Hills.png
  artifactKey: Guid(2cf687861f5dad4459af96935b4585d8) Importer(815301076,1909f56bfc062723c751e8b465ee728b)
Start importing Assets/Assets/BG/2 - Hills.png using Guid(2cf687861f5dad4459af96935b4585d8) Importer(815301076,1909f56bfc062723c751e8b465ee728b)  -> (artifact id: '4249ccb71ffee944e05485e1487264f9') in 1.662431 seconds
  Import took 1.912385 seconds .

 
Received Import Request.
  Time since last request: 23.744618 seconds.
  path: Assets/Assets/BG/2 - Hills.png
  artifactKey: Guid(2cf687861f5dad4459af96935b4585d8) Importer(815301076,1909f56bfc062723c751e8b465ee728b)
Start importing Assets/Assets/BG/2 - Hills.png using Guid(2cf687861f5dad4459af96935b4585d8) Importer(815301076,1909f56bfc062723c751e8b465ee728b)  -> (artifact id: '660c21a6305fa2fc06b34c84edae8f0b') in 0.083226 seconds
  Import took 0.116096 seconds .

 
Received Import Request.
  Time since last request: 157.155893 seconds.
  path: Assets/Scripts/Background.cs
  artifactKey: Guid(f172296bd8153ea49a79a7c4c09e4a5e) Importer(815301076,1909f56bfc062723c751e8b465ee728b)
Start importing Assets/Scripts/Background.cs using Guid(f172296bd8153ea49a79a7c4c09e4a5e) Importer(815301076,1909f56bfc062723c751e8b465ee728b)  -> (artifact id: 'af07c33dadd04a8d24c2bc6207df4f86') in 7.063915 seconds
  Import took 7.126424 seconds .

 
Received Prepare
Registering precompiled user dll's ...
Registered in 0.154281 seconds.
Begin MonoManager ReloadAssembly
Native extension for WindowsStandalone target not found
Refreshing native plugins compatible for Editor in 43.26 ms, found 1 plugins.
Preloading 0 native plugins for Editor in 0.00 ms.
Mono: successfully reloaded assembly
- Completed reload, in 44.767 seconds
Platform modules already initialized, skipping
Refreshing native plugins compatible for Editor in 48.56 ms, found 1 plugins.
Preloading 0 native plugins for Editor in 0.00 ms.
Unloading 1178 Unused Serialized files (Serialized files now loaded: 0)
System memory in use before: 74.2 MB.
System memory in use after: 74.1 MB.

Unloading 10 unused Assets to reduce memory usage. Loaded Objects now: 1645.
Total: 2989.214834 ms (FindLiveObjects: 119.849791 ms CreateObjectMapping: 0.176376 ms MarkObjects: 2865.597286 ms  DeleteObjects: 3.586439 ms)

 
Received Prepare
Registering precompiled user dll's ...
Registered in 0.363700 seconds.
Begin MonoManager ReloadAssembly
Native extension for WindowsStandalone target not found
Refreshing native plugins compatible for Editor in 22.40 ms, found 1 plugins.
Preloading 0 native plugins for Editor in 0.00 ms.
Mono: successfully reloaded assembly
- Completed reload, in  4.527 seconds
Platform modules already initialized, skipping
Refreshing native plugins compatible for Editor in 24.70 ms, found 1 plugins.
Preloading 0 native plugins for Editor in 0.00 ms.
Unloading 1178 Unused Serialized files (Serialized files now loaded: 0)
System memory in use before: 74.2 MB.
System memory in use after: 74.2 MB.

Unloading 7 unused Assets to reduce memory usage. Loaded Objects now: 1646.
Total: 729.696896 ms (FindLiveObjects: 48.313347 ms CreateObjectMapping: 0.163832 ms MarkObjects: 598.554097 ms  DeleteObjects: 82.660678 ms)

 
Received Import Request.
  Time since last request: 1016.315087 seconds.
  path: Assets/DGM/Character Controller/Assets/ArtPack/Traps/Rock Head
  artifactKey: Guid(412f27253e24d484aa98093bd6ed7665) Importer(815301076,1909f56bfc062723c751e8b465ee728b)
Start importing Assets/DGM/Character Controller/Assets/ArtPack/Traps/Rock Head using Guid(412f27253e24d484aa98093bd6ed7665) Importer(815301076,1909f56bfc062723c751e8b465ee728b)  -> (artifact id: '1690db9be3b1fddedd4302f42d38682f') in 5.152663 seconds
  Import took 6.621500 seconds .

 
Received Import Request.
  Time since last request: 6.260432 seconds.
  path: Assets/DGM/Character Controller/Assets/ArtPack/Traps/Spike Head
  artifactKey: Guid(44454bedbac818943b06b746cffd3980) Importer(815301076,1909f56bfc062723c751e8b465ee728b)
Start importing Assets/DGM/Character Controller/Assets/ArtPack/Traps/Spike Head using Guid(44454bedbac818943b06b746cffd3980) Importer(815301076,1909f56bfc062723c751e8b465ee728b)  -> (artifact id: 'a1b037d845eb4256a0b867a6857510f0') in 0.042615 seconds
  Import took 0.066965 seconds .

 
Received Import Request.
  Time since last request: 2.719321 seconds.
  path: Assets/DGM/Character Controller/Assets/ArtPack/Traps/Spikes
  artifactKey: Guid(065d6627fe931e34eaa393279be6ab6e) Importer(815301076,1909f56bfc062723c751e8b465ee728b)
Start importing Assets/DGM/Character Controller/Assets/ArtPack/Traps/Spikes using Guid(065d6627fe931e34eaa393279be6ab6e) Importer(815301076,1909f56bfc062723c751e8b465ee728b)  -> (artifact id: '04850c69705591c28bd224c5520aa99b') in 0.047240 seconds
  Import took 0.105273 seconds .

 
Received Import Request.
  Time since last request: 41.533534 seconds.
  path: Assets/DGM/Character Controller/Assets/ArtPack/Traps/Spikes/Idle.png
  artifactKey: Guid(b808099b9c4dfe2449287969aaedfdf9) Importer(815301076,1909f56bfc062723c751e8b465ee728b)
Start importing Assets/DGM/Character Controller/Assets/ArtPack/Traps/Spikes/Idle.png using Guid(b808099b9c4dfe2449287969aaedfdf9) Importer(815301076,1909f56bfc062723c751e8b465ee728b)  -> (artifact id: '5b4f1f9fd3ce7d851b95f288f789945f') in 36.112537 seconds
  Import took 36.277251 seconds .

 
Received Import Request.
  Time since last request: 472.839903 seconds.
  path: Assets/DGM/Character Controller/Assets/ArtPack/Traps/Spikes/Idle.png
  artifactKey: Guid(b808099b9c4dfe2449287969aaedfdf9) Importer(815301076,1909f56bfc062723c751e8b465ee728b)
Start importing Assets/DGM/Character Controller/Assets/ArtPack/Traps/Spikes/Idle.png using Guid(b808099b9c4dfe2449287969aaedfdf9) Importer(815301076,1909f56bfc062723c751e8b465ee728b)  -> (artifact id: 'afcdd461c142820d8795a7dc496d9dfe') in 20.092921 seconds
  Import took 20.767416 seconds .

 
Received Import Request.
  Time since last request: 0.155716 seconds.
  path: Assets/DGM/Character Controller/Assets/ArtPack/Traps/Spikes/Idle.png
  artifactKey: Guid(b808099b9c4dfe2449287969aaedfdf9) Importer(815301076,1909f56bfc062723c751e8b465ee728b)
Start importing Assets/DGM/Character Controller/Assets/ArtPack/Traps/Spikes/Idle.png using Guid(b808099b9c4dfe2449287969aaedfdf9) Importer(815301076,1909f56bfc062723c751e8b465ee728b)  -> (artifact id: 'afcdd461c142820d8795a7dc496d9dfe') in 0.037100 seconds
  Import took 0.161076 seconds .

 
Received Import Request.
  Time since last request: 0.166180 seconds.
  path: Assets/DGM/Character Controller/Assets/ArtPack/Traps/Spikes/Idle.png
  artifactKey: Guid(b808099b9c4dfe2449287969aaedfdf9) Importer(815301076,1909f56bfc062723c751e8b465ee728b)
Start importing Assets/DGM/Character Controller/Assets/ArtPack/Traps/Spikes/Idle.png using Guid(b808099b9c4dfe2449287969aaedfdf9) Importer(815301076,1909f56bfc062723c751e8b465ee728b)  -> (artifact id: 'afcdd461c142820d8795a7dc496d9dfe') in 0.370552 seconds
  Import took 0.380345 seconds .

 
Received Import Request.
  Time since last request: 75.056230 seconds.
  path: Assets/Animations
  artifactKey: Guid(9b922cca3bbeb8c4c9549b3f14e9b395) Importer(815301076,1909f56bfc062723c751e8b465ee728b)
Start importing Assets/Animations using Guid(9b922cca3bbeb8c4c9549b3f14e9b395) Importer(815301076,1909f56bfc062723c751e8b465ee728b)  -> (artifact id: '6b7dbfb5f72cab2b2b9f745550871e64') in 0.190348 seconds
  Import took 0.209053 seconds .

 
Received Import Request.
  Time since last request: 13.211226 seconds.
  path: Assets/Animations/Spikes.anim
  artifactKey: Guid(7f7eef0fd08f2b7459b8f6badf8ab9af) Importer(815301076,1909f56bfc062723c751e8b465ee728b)
Start importing Assets/Animations/Spikes.anim using Guid(7f7eef0fd08f2b7459b8f6badf8ab9af) Importer(815301076,1909f56bfc062723c751e8b465ee728b)  -> (artifact id: 'c5340079601252ac05a12d4fae3d575c') in 1.343405 seconds
  Import took 1.623945 seconds .

 
Received Import Request.
  Time since last request: 0.729218 seconds.
  path: Assets/Animations/Spikes.anim
  artifactKey: Guid(7f7eef0fd08f2b7459b8f6badf8ab9af) Importer(815301076,1909f56bfc062723c751e8b465ee728b)
Start importing Assets/Animations/Spikes.anim using Guid(7f7eef0fd08f2b7459b8f6badf8ab9af) Importer(815301076,1909f56bfc062723c751e8b465ee728b)  -> (artifact id: 'c5340079601252ac05a12d4fae3d575c') in 0.003658 seconds
  Import took 0.011339 seconds .

 
Received Import Request.
  Time since last request: 5.043060 seconds.
  path: Assets/Animations/Idle.controller
  artifactKey: Guid(30d9e4d288f11a54aad99dbf218e1d00) Importer(815301076,1909f56bfc062723c751e8b465ee728b)
Start importing Assets/Animations/Idle.controller using Guid(30d9e4d288f11a54aad99dbf218e1d00) Importer(815301076,1909f56bfc062723c751e8b465ee728b)  -> (artifact id: 'bd64866771e87dbc036669e50eae4113') in 0.241815 seconds
  Import took 0.302828 seconds .

 
Received Import Request.
  Time since last request: 360.968004 seconds.
  path: Assets/Scripts/Spike.cs
  artifactKey: Guid(41e3b7459a9a2b04086d2aa39d76118b) Importer(815301076,1909f56bfc062723c751e8b465ee728b)
Start importing Assets/Scripts/Spike.cs using Guid(41e3b7459a9a2b04086d2aa39d76118b) Importer(815301076,1909f56bfc062723c751e8b465ee728b)  -> (artifact id: '2ab5d468bab06a26f9dfba9bcde7ccc9') in 0.334418 seconds
  Import took 3.221575 seconds .

 
Received Prepare
Registering precompiled user dll's ...
Registered in 0.438824 seconds.
Begin MonoManager ReloadAssembly
Native extension for WindowsStandalone target not found
Refreshing native plugins compatible for Editor in 0.73 ms, found 1 plugins.
Preloading 0 native plugins for Editor in 0.00 ms.
Mono: successfully reloaded assembly
- Completed reload, in 55.591 seconds
Platform modules already initialized, skipping
Refreshing native plugins compatible for Editor in 0.56 ms, found 1 plugins.
Preloading 0 native plugins for Editor in 0.00 ms.
Unloading 1179 Unused Serialized files (Serialized files now loaded: 0)
System memory in use before: 74.2 MB.
System memory in use after: 74.2 MB.

Unloading 7 unused Assets to reduce memory usage. Loaded Objects now: 1652.
Total: 525.377431 ms (FindLiveObjects: 0.279769 ms CreateObjectMapping: 30.126850 ms MarkObjects: 494.703588 ms  DeleteObjects: 0.263044 ms)

 
Received Prepare
Registering precompiled user dll's ...
Registered in 0.047086 seconds.
Begin MonoManager ReloadAssembly
Native extension for WindowsStandalone target not found
Refreshing native plugins compatible for Editor in 0.57 ms, found 1 plugins.
Preloading 0 native plugins for Editor in 0.00 ms.
Mono: successfully reloaded assembly
- Completed reload, in  4.713 seconds
Platform modules already initialized, skipping
Refreshing native plugins compatible for Editor in 0.52 ms, found 1 plugins.
Preloading 0 native plugins for Editor in 0.00 ms.
Unloading 1179 Unused Serialized files (Serialized files now loaded: 0)
System memory in use before: 74.2 MB.
System memory in use after: 74.2 MB.

Unloading 7 unused Assets to reduce memory usage. Loaded Objects now: 1653.
Total: 2.758536 ms (FindLiveObjects: 0.202604 ms CreateObjectMapping: 0.076404 ms MarkObjects: 2.316836 ms  DeleteObjects: 0.161171 ms)

 
Received Import Request.
  Time since last request: 311.121782 seconds.
  path: Assets/Scripts/Player
  artifactKey: Guid(ab683cb93ee5fe94aba53d7b2e200d34) Importer(815301076,1909f56bfc062723c751e8b465ee728b)
Start importing Assets/Scripts/Player using Guid(ab683cb93ee5fe94aba53d7b2e200d34) Importer(815301076,1909f56bfc062723c751e8b465ee728b)  -> (artifact id: '3f083d76fc55884fe22217f33f5f27ef') in 0.082512 seconds
  Import took 0.174447 seconds .

 
Received Import Request.
  Time since last request: 9.146618 seconds.
  path: Assets/Scripts/Player/Health.cs
  artifactKey: Guid(74299d575e11d8541afbe97e08ee02cf) Importer(815301076,1909f56bfc062723c751e8b465ee728b)
Start importing Assets/Scripts/Player/Health.cs using Guid(74299d575e11d8541afbe97e08ee02cf) Importer(815301076,1909f56bfc062723c751e8b465ee728b)  -> (artifact id: '7184b3de72c94e742cb435b29d9788f4') in 0.021305 seconds
  Import took 0.094995 seconds .

 
Received Prepare
Registering precompiled user dll's ...
Registered in 0.128874 seconds.
Begin MonoManager ReloadAssembly
Native extension for WindowsStandalone target not found
Refreshing native plugins compatible for Editor in 0.68 ms, found 1 plugins.
Preloading 0 native plugins for Editor in 0.00 ms.
Mono: successfully reloaded assembly
- Completed reload, in  3.041 seconds
Platform modules already initialized, skipping
Refreshing native plugins compatible for Editor in 0.51 ms, found 1 plugins.
Preloading 0 native plugins for Editor in 0.00 ms.
Unloading 1180 Unused Serialized files (Serialized files now loaded: 0)
System memory in use before: 74.2 MB.
System memory in use after: 74.2 MB.

Unloading 7 unused Assets to reduce memory usage. Loaded Objects now: 1655.
Total: 5.303065 ms (FindLiveObjects: 0.242897 ms CreateObjectMapping: 0.072983 ms MarkObjects: 4.819551 ms  DeleteObjects: 0.166113 ms)

 
Received Prepare
Registering precompiled user dll's ...
Registered in 0.079998 seconds.
Begin MonoManager ReloadAssembly
Native extension for WindowsStandalone target not found
Refreshing native plugins compatible for Editor in 0.68 ms, found 1 plugins.
Preloading 0 native plugins for Editor in 0.00 ms.
Mono: successfully reloaded assembly
- Completed reload, in 14.467 seconds
Platform modules already initialized, skipping
Refreshing native plugins compatible for Editor in 0.60 ms, found 1 plugins.
Preloading 0 native plugins for Editor in 0.00 ms.
Unloading 1180 Unused Serialized files (Serialized files now loaded: 0)
System memory in use before: 74.3 MB.
System memory in use after: 74.3 MB.

Unloading 7 unused Assets to reduce memory usage. Loaded Objects now: 1656.
Total: 39.395334 ms (FindLiveObjects: 0.274067 ms CreateObjectMapping: 0.072983 ms MarkObjects: 38.861265 ms  DeleteObjects: 0.184739 ms)

 
Received Import Request.
  Time since last request: 1789.891185 seconds.
  path: Assets/Scripts/Player/Health.cs
  artifactKey: Guid(74299d575e11d8541afbe97e08ee02cf) Importer(815301076,1909f56bfc062723c751e8b465ee728b)
Start importing Assets/Scripts/Player/Health.cs using Guid(74299d575e11d8541afbe97e08ee02cf) Importer(815301076,1909f56bfc062723c751e8b465ee728b)  -> (artifact id: '9f05e582a383816c0515c48b73e2279a') in 0.072475 seconds
  Import took 0.152686 seconds .

 
Received Prepare
Registering precompiled user dll's ...
Registered in 0.001214 seconds.
Begin MonoManager ReloadAssembly
Native extension for WindowsStandalone target not found
Refreshing native plugins compatible for Editor in 1.09 ms, found 1 plugins.
Preloading 0 native plugins for Editor in 0.00 ms.
Mono: successfully reloaded assembly
- Completed reload, in 11.219 seconds
Platform modules already initialized, skipping
Refreshing native plugins compatible for Editor in 0.57 ms, found 1 plugins.
Preloading 0 native plugins for Editor in 0.00 ms.
Unloading 1180 Unused Serialized files (Serialized files now loaded: 0)
System memory in use before: 74.3 MB.
System memory in use after: 74.3 MB.

Unloading 7 unused Assets to reduce memory usage. Loaded Objects now: 1657.
Total: 24.453928 ms (FindLiveObjects: 0.252020 ms CreateObjectMapping: 0.074124 ms MarkObjects: 23.933923 ms  DeleteObjects: 0.191581 ms)

 
Received Import Request.
  Time since last request: 403.262917 seconds.
  path: Assets/Prefabs/Spikes.prefab
  artifactKey: Guid(774d010b96c96574a96d5c627cb634b7) Importer(815301076,1909f56bfc062723c751e8b465ee728b)
Start importing Assets/Prefabs/Spikes.prefab using Guid(774d010b96c96574a96d5c627cb634b7) Importer(815301076,1909f56bfc062723c751e8b465ee728b)  -> (artifact id: '882bfb4cbcce7f13dcbae8791aff3cfe') in 4.716662 seconds
  Import took 5.056732 seconds .

 
Received Import Request.
  Time since last request: 3.077754 seconds.
  path: Assets/Prefabs/Spike.prefab
  artifactKey: Guid(774d010b96c96574a96d5c627cb634b7) Importer(815301076,1909f56bfc062723c751e8b465ee728b)
Start importing Assets/Prefabs/Spike.prefab using Guid(774d010b96c96574a96d5c627cb634b7) Importer(815301076,1909f56bfc062723c751e8b465ee728b)  -> (artifact id: '937890865f6ebcfb4132afb44afcc184') in 0.089682 seconds
  Import took 0.116150 seconds .

 
Received Prepare
Registering precompiled user dll's ...
Registered in 0.000699 seconds.
Begin MonoManager ReloadAssembly
Native extension for WindowsStandalone target not found
Refreshing native plugins compatible for Editor in 18.39 ms, found 1 plugins.
Preloading 0 native plugins for Editor in 0.00 ms.
Mono: successfully reloaded assembly
- Completed reload, in 14.133 seconds
Platform modules already initialized, skipping
Refreshing native plugins compatible for Editor in 1.07 ms, found 1 plugins.
Preloading 0 native plugins for Editor in 0.00 ms.
Unloading 1180 Unused Serialized files (Serialized files now loaded: 0)
System memory in use before: 74.4 MB.
System memory in use after: 74.3 MB.

Unloading 7 unused Assets to reduce memory usage. Loaded Objects now: 1663.
Total: 95.127878 ms (FindLiveObjects: 0.277488 ms CreateObjectMapping: 0.076784 ms MarkObjects: 74.734400 ms  DeleteObjects: 20.035785 ms)

 
Received Prepare
Registering precompiled user dll's ...
Registered in 0.000651 seconds.
Begin MonoManager ReloadAssembly
Native extension for WindowsStandalone target not found
Refreshing native plugins compatible for Editor in 10.31 ms, found 1 plugins.
Preloading 0 native plugins for Editor in 0.00 ms.
Mono: successfully reloaded assembly
- Completed reload, in  5.388 seconds
Platform modules already initialized, skipping
Refreshing native plugins compatible for Editor in 0.51 ms, found 1 plugins.
Preloading 0 native plugins for Editor in 0.00 ms.
Unloading 1180 Unused Serialized files (Serialized files now loaded: 0)
System memory in use before: 74.4 MB.
System memory in use after: 74.3 MB.

Unloading 7 unused Assets to reduce memory usage. Loaded Objects now: 1664.
Total: 110.835988 ms (FindLiveObjects: 0.231874 ms CreateObjectMapping: 0.069942 ms MarkObjects: 74.822208 ms  DeleteObjects: 35.709303 ms)

 
Received Import Request.
  Time since last request: 879.635225 seconds.
  path: Assets/TextMesh Pro/Documentation
  artifactKey: Guid(8e7e8f5a82a3a134e91c54efd2274ea9) Importer(815301076,1909f56bfc062723c751e8b465ee728b)
Start importing Assets/TextMesh Pro/Documentation using Guid(8e7e8f5a82a3a134e91c54efd2274ea9) Importer(815301076,1909f56bfc062723c751e8b465ee728b)  -> (artifact id: 'e8957de54ea2ce86313ec5a8c893ceea') in 0.069840 seconds
  Import took 0.159498 seconds .

 
Received Import Request.
  Time since last request: 30.383936 seconds.
  path: Assets/Scenes/Level_2.unity
  artifactKey: Guid(f0bfc2109802657498b3d41a46b6c4ea) Importer(815301076,1909f56bfc062723c751e8b465ee728b)
Start importing Assets/Scenes/Level_2.unity using Guid(f0bfc2109802657498b3d41a46b6c4ea) Importer(815301076,1909f56bfc062723c751e8b465ee728b)  -> (artifact id: '34c628740c15f2bf95b01428f64cff28') in 1.002043 seconds
  Import took 1.020908 seconds .

 
Received Import Request.
  Time since last request: 2.489254 seconds.
  path: Assets/Scenes/Level_1.unity
  artifactKey: Guid(3dc0411cfd4def3439e02ed22e246c87) Importer(815301076,1909f56bfc062723c751e8b465ee728b)
Start importing Assets/Scenes/Level_1.unity using Guid(3dc0411cfd4def3439e02ed22e246c87) Importer(815301076,1909f56bfc062723c751e8b465ee728b)  -> (artifact id: '17b99ecc981115178219bdea102374d4') in 0.066993 seconds
  Import took 0.092112 seconds .

 
Received Import Request.
  Time since last request: 1.235724 seconds.
  path: Assets/Scenes/Level_1 1.unity
  artifactKey: Guid(aaca5909164bb434283df2bddc31a6ab) Importer(815301076,1909f56bfc062723c751e8b465ee728b)
Start importing Assets/Scenes/Level_1 1.unity using Guid(aaca5909164bb434283df2bddc31a6ab) Importer(815301076,1909f56bfc062723c751e8b465ee728b)  -> (artifact id: 'e0527cd7eeb988b06a8e48ea5643b1d3') in 0.016547 seconds
  Import took 0.074427 seconds .

 
Received Import Request.
  Time since last request: 4.101156 seconds.
  path: Assets/Scenes/Level_2.unity
  artifactKey: Guid(aaca5909164bb434283df2bddc31a6ab) Importer(815301076,1909f56bfc062723c751e8b465ee728b)
Start importing Assets/Scenes/Level_2.unity using Guid(aaca5909164bb434283df2bddc31a6ab) Importer(815301076,1909f56bfc062723c751e8b465ee728b)  -> (artifact id: 'fe496b4c9956cb348d7412a8e0fcad91') in 0.018125 seconds
  Import took 0.055923 seconds .

 
Received Import Request.
  Time since last request: 109.599716 seconds.
  path: Assets/Scenes/Level_2.scenetemplate
  artifactKey: Guid(76e26e64a2970e044a9c620b838f8e0d) Importer(815301076,1909f56bfc062723c751e8b465ee728b)
Start importing Assets/Scenes/Level_2.scenetemplate using Guid(76e26e64a2970e044a9c620b838f8e0d) Importer(815301076,1909f56bfc062723c751e8b465ee728b)  -> (artifact id: 'a700575d47be31dc686924eca68d5fd7') in 9.832044 seconds
  Import took 10.262452 seconds .

 
Received Import Request.
  Time since last request: 0.004583 seconds.
  path: Assets/Scenes/Level_2.unity
  artifactKey: Guid(aaca5909164bb434283df2bddc31a6ab) Importer(815301076,1909f56bfc062723c751e8b465ee728b)
Start importing Assets/Scenes/Level_2.unity using Guid(aaca5909164bb434283df2bddc31a6ab) Importer(815301076,1909f56bfc062723c751e8b465ee728b)  -> (artifact id: '7ae90570035c63e7be9bb42235a90984') in 0.107840 seconds
  Import took 0.127091 seconds .

 
Received Import Request.
  Time since last request: 11.719192 seconds.
  path: Assets/Scenes/Level_2.scenetemplate
  artifactKey: Guid(76e26e64a2970e044a9c620b838f8e0d) Importer(815301076,1909f56bfc062723c751e8b465ee728b)
Start importing Assets/Scenes/Level_2.scenetemplate using Guid(76e26e64a2970e044a9c620b838f8e0d) Importer(815301076,1909f56bfc062723c751e8b465ee728b)  -> (artifact id: '0a4b71b1d7d5cd774221c5ff130567a5') in 0.319904 seconds
  Import took 0.362891 seconds .

 
Received Import Request.
  Time since last request: 43.855020 seconds.
  path: Assets/Scenes/Level_2 1.unity
  artifactKey: Guid(c00b615cf4da9dd4790453591c0634fb) Importer(815301076,1909f56bfc062723c751e8b465ee728b)
Start importing Assets/Scenes/Level_2 1.unity using Guid(c00b615cf4da9dd4790453591c0634fb) Importer(815301076,1909f56bfc062723c751e8b465ee728b)  -> (artifact id: '4c9dcfff120a902ba6a3f8bc6ae1d9e0') in 0.045563 seconds
  Import took 0.056283 seconds .

 
Received Import Request.
  Time since last request: 47.699143 seconds.
  path: Assets/Tiles/GroundTilemap_0.asset
  artifactKey: Guid(8f8f503069a57d74bb0836bbc67f703f) Importer(815301076,1909f56bfc062723c751e8b465ee728b)
Start importing Assets/Tiles/GroundTilemap_0.asset using Guid(8f8f503069a57d74bb0836bbc67f703f) Importer(815301076,1909f56bfc062723c751e8b465ee728b)  -> (artifact id: 'd0906800fc923ff5673c287d24a314a4') in 3.274136 seconds
  Import took 3.288825 seconds .

 
Received Import Request.
  Time since last request: 13.930282 seconds.
  path: Assets/Scenes/Level_2.scenetemplate
  artifactKey: Guid(76e26e64a2970e044a9c620b838f8e0d) Importer(815301076,1909f56bfc062723c751e8b465ee728b)
Start importing Assets/Scenes/Level_2.scenetemplate using Guid(76e26e64a2970e044a9c620b838f8e0d) Importer(815301076,1909f56bfc062723c751e8b465ee728b)  -> (artifact id: 'adcd4a652a505e7abbb9781750164f3e') in 0.180560 seconds
  Import took 0.251408 seconds .

 
Received Import Request.
  Time since last request: 33.211426 seconds.
  path: Assets/Scenes/Level_Template.unity
  artifactKey: Guid(aaca5909164bb434283df2bddc31a6ab) Importer(815301076,1909f56bfc062723c751e8b465ee728b)
Start importing Assets/Scenes/Level_Template.unity using Guid(aaca5909164bb434283df2bddc31a6ab) Importer(815301076,1909f56bfc062723c751e8b465ee728b)  -> (artifact id: '27bbddb9b257fe3790ad0204370ab4d1') in 0.042725 seconds
  Import took 0.070319 seconds .

 
Received Import Request.
  Time since last request: 4.340889 seconds.
  path: Assets/Scenes/Level_Template 1.unity
  artifactKey: Guid(14c338d84db45cc408b9cc76ad1dec68) Importer(815301076,1909f56bfc062723c751e8b465ee728b)
Start importing Assets/Scenes/Level_Template 1.unity using Guid(14c338d84db45cc408b9cc76ad1dec68) Importer(815301076,1909f56bfc062723c751e8b465ee728b)  -> (artifact id: 'b62c6e3ce80f0d99255029fa740e6501') in 0.038265 seconds
  Import took 0.047769 seconds .

 
Received Import Request.
  Time since last request: 3.465767 seconds.
  path: Assets/Scenes/Level_2.unity
  artifactKey: Guid(14c338d84db45cc408b9cc76ad1dec68) Importer(815301076,1909f56bfc062723c751e8b465ee728b)
Start importing Assets/Scenes/Level_2.unity using Guid(14c338d84db45cc408b9cc76ad1dec68) Importer(815301076,1909f56bfc062723c751e8b465ee728b)  -> (artifact id: 'e4ce288b8cf85a91c1c551ed3c56cd4e') in 0.020178 seconds
  Import took 0.046423 seconds .

 
Received Import Request.
  Time since last request: 1466.940483 seconds.
  path: Assets/Assets/Water/Water.png
  artifactKey: Guid(6a76ddcd40411df478657d7ec00d37d5) Importer(815301076,1909f56bfc062723c751e8b465ee728b)
Start importing Assets/Assets/Water/Water.png using Guid(6a76ddcd40411df478657d7ec00d37d5) Importer(815301076,1909f56bfc062723c751e8b465ee728b)  -> (artifact id: '6f2c190a23922f57908ae09191c7c98d') in 9.177052 seconds
  Import took 10.618680 seconds .

 
Received Import Request.
  Time since last request: 200.351792 seconds.
  path: Assets/Scenes/Level_Template.unity
  artifactKey: Guid(aaca5909164bb434283df2bddc31a6ab) Importer(815301076,1909f56bfc062723c751e8b465ee728b)
Start importing Assets/Scenes/Level_Template.unity using Guid(aaca5909164bb434283df2bddc31a6ab) Importer(815301076,1909f56bfc062723c751e8b465ee728b)  -> (artifact id: '58bfb86d133b0d8debd33038c02b25c0') in 0.039499 seconds
  Import took 0.061990 seconds .

 
Received Import Request.
  Time since last request: 14.959409 seconds.
  path: Assets/Scenes/Level_Temp.unity
  artifactKey: Guid(14c338d84db45cc408b9cc76ad1dec68) Importer(815301076,1909f56bfc062723c751e8b465ee728b)
Start importing Assets/Scenes/Level_Temp.unity using Guid(14c338d84db45cc408b9cc76ad1dec68) Importer(815301076,1909f56bfc062723c751e8b465ee728b)  -> (artifact id: 'e7a97ce7fd56063e89b2d179e21ad402') in 0.050998 seconds
  Import took 0.087938 seconds .

 
Received Import Request.
  Time since last request: 8.319375 seconds.
  path: Assets/Scenes/Level_2.unity
  artifactKey: Guid(aaca5909164bb434283df2bddc31a6ab) Importer(815301076,1909f56bfc062723c751e8b465ee728b)
Start importing Assets/Scenes/Level_2.unity using Guid(aaca5909164bb434283df2bddc31a6ab) Importer(815301076,1909f56bfc062723c751e8b465ee728b)  -> (artifact id: '6e3f83ecbd48663f185ed414031ccc5f') in 0.037091 seconds
  Import took 0.070385 seconds .

                                                                                                                                                                                                                                                                                                                                                                                                                                                                                                                                                                                                                                                                                                                                                                                                                                                                                                                                                                                                                                                                                                                                                                                                                                                                                                                                                                                                                                                                                                                                                                                                                                                                                                                                                                                                                                                                                                                                                                                                                                                                                                                                                                                                                                                                                                                                                                                                                                                                                                                                                                                                                                                                                                                                                                                                                                                                                                                                                                                                                                                                                                                                                                                                                                                                                                                                                                                                                                                                                                                                                                                                                                                                                                                                                                                                                                                                                                                                                                                                                                                                                                                                                                                                                                                                                                                                                                                                                                                                                                                                                                                                                                                                                                                                                                                                                                                                                                                                                                                                                                                                                                                                                                                                                                                 ========================================================================
Received Prepare
Registering precompiled user dll's ...
Registered in 0.027614 seconds.
Begin MonoManager ReloadAssembly
Native extension for WindowsStandalone target not found
Refreshing native plugins compatible for Editor in 21.06 ms, found 1 plugins.
Preloading 0 native plugins for Editor in 0.00 ms.
Mono: successfully reloaded assembly
- Completed reload, in 20.169 seconds
Platform modules already initialized, skipping
Refreshing native plugins compatible for Editor in 0.53 ms, found 1 plugins.
Preloading 0 native plugins for Editor in 0.00 ms.
Unloading 1180 Unused Serialized files (Serialized files now loaded: 0)
System memory in use before: 74.5 MB.
System memory in use after: 74.5 MB.

Unloading 8 unused Assets to reduce memory usage. Loaded Objects now: 1673.
Total: 749.080393 ms (FindLiveObjects: 7.323786 ms CreateObjectMapping: 9.277987 ms MarkObjects: 711.994292 ms  DeleteObjects: 20.470263 ms)

========================================================================
Received Prepare
Registering precompiled user dll's ...
Registered in 0.035960 seconds.
Begin MonoManager ReloadAssembly
Native extension for WindowsStandalone target not found
Refreshing native plugins compatible for Editor in 8.19 ms, found 1 plugins.
Preloading 0 native plugins for Editor in 0.00 ms.
Mono: successfully reloaded assembly
- Completed reload, in 19.245 seconds
Platform modules already initialized, skipping
Refreshing native plugins compatible for Editor in 39.86 ms, found 1 plugins.
Preloading 0 native plugins for Editor in 0.00 ms.
Unloading 1180 Unused Serialized files (Serialized files now loaded: 0)
System memory in use before: 74.5 MB.
System memory in use after: 74.5 MB.

Unloading 7 unused Assets to reduce memory usage. Loaded Objects now: 1674.
Total: 894.231402 ms (FindLiveObjects: 85.746878 ms CreateObjectMapping: 0.094270 ms MarkObjects: 778.989434 ms  DeleteObjects: 29.397778 ms)

========================================================================
Received Prepare
Registering precompiled user dll's ...
Registered in 0.036446 seconds.
Begin MonoManager ReloadAssembly
Native extension for WindowsStandalone target not found
Refreshing native plugins compatible for Editor in 0.59 ms, found 1 plugins.
Preloading 0 native plugins for Editor in 0.00 ms.
Mono: successfully reloaded assembly
- Completed reload, in  9.930 seconds
Platform modules already initialized, skipping
Refreshing native plugins compatible for Editor in 0.60 ms, found 1 plugins.
Preloading 0 native plugins for Editor in 0.00 ms.
Unloading 1180 Unused Serialized files (Serialized files now loaded: 0)
System memory in use before: 74.6 MB.
System memory in use after: 74.5 MB.

Unloading 7 unused Assets to reduce memory usage. Loaded Objects now: 1675.
Total: 93.132625 ms (FindLiveObjects: 0.258862 ms CreateObjectMapping: 0.068802 ms MarkObjects: 92.612619 ms  DeleteObjects: 0.188920 ms)

========================================================================
Received Import Request.
  Time since last request: 3014.073879 seconds.
  path: Assets/Scenes/Level_2.unity
  artifactKey: Guid(aaca5909164bb434283df2bddc31a6ab) Importer(815301076,1909f56bfc062723c751e8b465ee728b)
Start importing Assets/Scenes/Level_2.unity using Guid(aaca5909164bb434283df2bddc31a6ab) Importer(815301076,1909f56bfc062723c751e8b465ee728b)  -> (artifact id: '0489f324abd27b214f9a0a48659c1d00') in 8.362839 seconds
  Import took 8.855827 seconds .

========================================================================
Received Import Request.
  Time since last request: 0.031203 seconds.
  path: Assets/Scenes/Level_3.unity
  artifactKey: Guid(fc7f7794b9ec8ce459c20634c41c69a9) Importer(815301076,1909f56bfc062723c751e8b465ee728b)
Start importing Assets/Scenes/Level_3.unity using Guid(fc7f7794b9ec8ce459c20634c41c69a9) Importer(815301076,1909f56bfc062723c751e8b465ee728b)  -> (artifact id: '4edbe8f2a314d7448e2bf6224d450aac') in 0.077012 seconds
  Import took 0.100752 seconds .

========================================================================
Received Import Request.
  Time since last request: 103.877951 seconds.
  path: Assets/Assets/BG/Autumn/1 - Leaf_top.png
  artifactKey: Guid(747c9f3eae37f06469ead758f8320654) Importer(815301076,1909f56bfc062723c751e8b465ee728b)
Start importing Assets/Assets/BG/Autumn/1 - Leaf_top.png using Guid(747c9f3eae37f06469ead758f8320654) Importer(815301076,1909f56bfc062723c751e8b465ee728b)  -> (artifact id: 'edf019124a54681be517dadfe4ad4b91') in 7.723422 seconds
  Import took 7.741685 seconds .

========================================================================
Received Import Request.
  Time since last request: 2.321612 seconds.
  path: Assets/Assets/BG/Autumn/1 - Leaf_top.png
  artifactKey: Guid(747c9f3eae37f06469ead758f8320654) Importer(815301076,1909f56bfc062723c751e8b465ee728b)
Start importing Assets/Assets/BG/Autumn/1 - Leaf_top.png using Guid(747c9f3eae37f06469ead758f8320654) Importer(815301076,1909f56bfc062723c751e8b465ee728b)  -> (artifact id: '2ece72773852c602f940a71126268e93') in 0.145425 seconds
  Import took 0.157278 seconds .

========================================================================
Received Import Request.
  Time since last request: 4.820866 seconds.
  path: Assets/Assets/BG/Autumn/6 - Distant_trees.png
  artifactKey: Guid(60faf99950264ff4693f374475e0aa80) Importer(815301076,1909f56bfc062723c751e8b465ee728b)
Start importing Assets/Assets/BG/Autumn/6 - Distant_trees.png using Guid(60faf99950264ff4693f374475e0aa80) Importer(815301076,1909f56bfc062723c751e8b465ee728b)  -> (artifact id: '52b9fc8e64f1edf8cdc9e97e8eee3466') in 0.234985 seconds
  Import took 0.251058 seconds .

========================================================================
Received Import Request.
  Time since last request: 13.302180 seconds.
  path: Assets/Assets/BG/Autumn
  artifactKey: Guid(cc4792cc12b783a4eb3ee1c93195d459) Importer(815301076,1909f56bfc062723c751e8b465ee728b)
Start importing Assets/Assets/BG/Autumn using Guid(cc4792cc12b783a4eb3ee1c93195d459) Importer(815301076,1909f56bfc062723c751e8b465ee728b)  -> (artifact id: '2fde6e7628866d555eb6a6a2927a11b3') in 0.037762 seconds
  Import took 0.052864 seconds .

========================================================================
Received Import Request.
  Time since last request: 0.001570 seconds.
  path: Assets/Assets/BG/Autumn
  artifactKey: Guid(cc4792cc12b783a4eb3ee1c93195d459) Importer(815301076,1909f56bfc062723c751e8b465ee728b)
Start importing Assets/Assets/BG/Autumn using Guid(cc4792cc12b783a4eb3ee1c93195d459) Importer(815301076,1909f56bfc062723c751e8b465ee728b)  -> (artifact id: '2fde6e7628866d555eb6a6a2927a11b3') in 0.037495 seconds
  Import took 0.074347 seconds .

========================================================================
Received Import Request.
  Time since last request: 257.754679 seconds.
  path: Assets/Assets/BG/Autumn/5 - Tree_row_BG_2.png
  artifactKey: Guid(4601c9fa22c32ad4ea5a85542c0691df) Importer(815301076,1909f56bfc062723c751e8b465ee728b)
Start importing Assets/Assets/BG/Autumn/5 - Tree_row_BG_2.png using Guid(4601c9fa22c32ad4ea5a85542c0691df) Importer(815301076,1909f56bfc062723c751e8b465ee728b)  -> (artifact id: '3bea1685224c3fb11f18aa6df43b3e66') in 0.141665 seconds
  Import took 0.155339 seconds .

========================================================================
Received Import Request.
  Time since last request: 15.954906 seconds.
  path: Assets/Assets/BG/Autumn/5 - Tree_row_BG_2.png
  artifactKey: Guid(4601c9fa22c32ad4ea5a85542c0691df) Importer(815301076,1909f56bfc062723c751e8b465ee728b)
Start importing Assets/Assets/BG/Autumn/5 - Tree_row_BG_2.png using Guid(4601c9fa22c32ad4ea5a85542c0691df) Importer(815301076,1909f56bfc062723c751e8b465ee728b)  -> (artifact id: '6b554fe5586eb90d7d5bf9c5dbb3e258') in 0.150332 seconds
  Import took 0.183150 seconds .

========================================================================
Received Import Request.
  Time since last request: 19.111329 seconds.
  path: Assets/Assets/BG/Autumn/5 - Tree_row_BG_2.png
  artifactKey: Guid(4601c9fa22c32ad4ea5a85542c0691df) Importer(815301076,1909f56bfc062723c751e8b465ee728b)
Start importing Assets/Assets/BG/Autumn/5 - Tree_row_BG_2.png using Guid(4601c9fa22c32ad4ea5a85542c0691df) Importer(815301076,1909f56bfc062723c751e8b465ee728b)  -> (artifact id: 'f317a10c2a00a999ec90f702a0bfcd7c') in 0.104320 seconds
  Import took 0.144573 seconds .

========================================================================
Received Import Request.
  Time since last request: 9.150601 seconds.
  path: Assets/Assets/BG/Autumn/5 - Tree_row_BG_2.png
  artifactKey: Guid(4601c9fa22c32ad4ea5a85542c0691df) Importer(815301076,1909f56bfc062723c751e8b465ee728b)
Start importing Assets/Assets/BG/Autumn/5 - Tree_row_BG_2.png using Guid(4601c9fa22c32ad4ea5a85542c0691df) Importer(815301076,1909f56bfc062723c751e8b465ee728b)  -> (artifact id: '5d0eface866d7d7536fee89d2981d04d') in 0.231830 seconds
  Import took 0.249788 seconds .

========================================================================
Received Import Request.
  Time since last request: 77.618498 seconds.
  path: Assets/Assets/BG/Autumn/5 - Tree_row_BG_2.png
  artifactKey: Guid(4601c9fa22c32ad4ea5a85542c0691df) Importer(815301076,1909f56bfc062723c751e8b465ee728b)
Start importing Assets/Assets/BG/Autumn/5 - Tree_row_BG_2.png using Guid(4601c9fa22c32ad4ea5a85542c0691df) Importer(815301076,1909f56bfc062723c751e8b465ee728b)  -> (artifact id: '68e571e20b9716279e82ca6dd1772154') in 0.206576 seconds
  Import took 0.269684 seconds .

========================================================================
Received Import Request.
  Time since last request: 19.563971 seconds.
  path: Assets/Assets/BG/Autumn/4 - Tree_row_BG_1.png
  artifactKey: Guid(c724bb6d39354e64882bcdf7b570b855) Importer(815301076,1909f56bfc062723c751e8b465ee728b)
Start importing Assets/Assets/BG/Autumn/4 - Tree_row_BG_1.png using Guid(c724bb6d39354e64882bcdf7b570b855) Importer(815301076,1909f56bfc062723c751e8b465ee728b)  -> (artifact id: 'cea2dae9a0018a82eb34307a09dbd605') in 0.130456 seconds
  Import took 0.143784 seconds .

========================================================================
Received Import Request.
  Time since last request: 2.932675 seconds.
  path: Assets/Assets/BG/Autumn/3 - Bottom_leaf_piles.png
  artifactKey: Guid(81a47d287affbb849974e9aff60539d9) Importer(815301076,1909f56bfc062723c751e8b465ee728b)
Start importing Assets/Assets/BG/Autumn/3 - Bottom_leaf_piles.png using Guid(81a47d287affbb849974e9aff60539d9) Importer(815301076,1909f56bfc062723c751e8b465ee728b)  -> (artifact id: 'a3fe02583145ef2c603005a2e36a962b') in 0.131049 seconds
  Import took 0.144215 seconds .

========================================================================
Received Import Request.
  Time since last request: 1.638265 seconds.
  path: Assets/Assets/BG/Autumn/2 - Trees.png
  artifactKey: Guid(d5d5491315cf66c4cbdaeafc570659da) Importer(815301076,1909f56bfc062723c751e8b465ee728b)
Start importing Assets/Assets/BG/Autumn/2 - Trees.png using Guid(d5d5491315cf66c4cbdaeafc570659da) Importer(815301076,1909f56bfc062723c751e8b465ee728b)  -> (artifact id: '9f5fafd30e4e72da9fccd2e82e5607a8') in 0.113776 seconds
  Import took 0.132436 seconds .

========================================================================
Received Import Request.
  Time since last request: 12.944583 seconds.
  path: Assets/Assets/BG/Autumn/2 - Trees.png
  artifactKey: Guid(d5d5491315cf66c4cbdaeafc570659da) Importer(815301076,1909f56bfc062723c751e8b465ee728b)
Start importing Assets/Assets/BG/Autumn/2 - Trees.png using Guid(d5d5491315cf66c4cbdaeafc570659da) Importer(815301076,1909f56bfc062723c751e8b465ee728b)  -> (artifact id: 'b1dd5f35c2299868dddbfac9916b1b2f') in 0.123003 seconds
  Import took 0.126706 seconds .

========================================================================
Received Import Request.
  Time since last request: 60.067623 seconds.
  path: Assets/Assets/BG/Autumn/4 - Tree_row_BG_1.png
  artifactKey: Guid(c724bb6d39354e64882bcdf7b570b855) Importer(815301076,1909f56bfc062723c751e8b465ee728b)
Start importing Assets/Assets/BG/Autumn/4 - Tree_row_BG_1.png using Guid(c724bb6d39354e64882bcdf7b570b855) Importer(815301076,1909f56bfc062723c751e8b465ee728b)  -> (artifact id: 'b9e154b069f03f1888c1138c91b85c03') in 0.130703 seconds
  Import took 0.140306 seconds .

========================================================================
Received Import Request.
  Time since last request: 79.491301 seconds.
  path: Assets/Assets/BG/Autumn/4 - Tree_row_BG_1.png
  artifactKey: Guid(c724bb6d39354e64882bcdf7b570b855) Importer(815301076,1909f56bfc062723c751e8b465ee728b)
Start importing Assets/Assets/BG/Autumn/4 - Tree_row_BG_1.png using Guid(c724bb6d39354e64882bcdf7b570b855) Importer(815301076,1909f56bfc062723c751e8b465ee728b)  -> (artifact id: '5d0ff18a6512b2f1c94edd5368ffe80d') in 0.119949 seconds
  Import took 0.124643 seconds .

========================================================================
Received Import Request.
  Time since last request: 40.960667 seconds.
  path: Assets/Assets/BG/Autumn/4 - Tree_row_BG_1.png
  artifactKey: Guid(c724bb6d39354e64882bcdf7b570b855) Importer(815301076,1909f56bfc062723c751e8b465ee728b)
Start importing Assets/Assets/BG/Autumn/4 - Tree_row_BG_1.png using Guid(c724bb6d39354e64882bcdf7b570b855) Importer(815301076,1909f56bfc062723c751e8b465ee728b)  -> (artifact id: 'd40ef91695d84a191b555cf28470b830') in 0.130978 seconds
  Import took 0.158033 seconds .

========================================================================
Received Prepare
Refreshing native plugins compatible for Editor in 446.44 ms, found 1 plugins.
Preloading 0 native plugins for Editor in 0.00 ms.
Unloading 7 Unused Serialized files (Serialized files now loaded: 0)
System memory in use before: 51.5 MB.
System memory in use after: 51.4 MB.

Unloading 7 unused Assets to reduce memory usage. Loaded Objects now: 1678.
Total: 3612.294702 ms (FindLiveObjects: 29.581757 ms CreateObjectMapping: 0.161551 ms MarkObjects: 3582.290250 ms  DeleteObjects: 0.258102 ms)

